rm -rf notqmail-8c53cd40a3329d682a905decb1f8734fa1ba2e9a-ext-todo
git -C notqmail.git fetch origin 8c53cd40a3329d682a905decb1f8734fa1ba2e9a
From https://github.com/notqmail/notqmail
 * branch            8c53cd40a3329d682a905decb1f8734fa1ba2e9a -> FETCH_HEAD
git -C notqmail.git archive --prefix=notqmail-8c53cd40a3329d682a905decb1f8734fa1ba2e9a-ext-todo/ 8c53cd40a3329d682a905decb1f8734fa1ba2e9a | tar xf -
cd notqmail-8c53cd40a3329d682a905decb1f8734fa1ba2e9a-ext-todo; patch -f -p 1 <../patch/ext-todo.patch
Hmm...  Looks like a unified diff to me...
The text leading up to this was:
--------------------------
|diff --git a/EXTTODO.md b/EXTTODO.md
|new file mode 100644
|index 0000000..baf94d9
|--- /dev/null
|+++ b/EXTTODO.md
--------------------------
(Creating file EXTTODO.md...)
Patching file EXTTODO.md using Plan A...
Empty context always matches.
Hunk #1 succeeded at 1.
Hmm...  The next patch looks like a unified diff to me...
The text leading up to this was:
--------------------------
|diff --git a/Makefile b/Makefile
|index f227675..4aff16d 100644
|--- a/Makefile
|+++ b/Makefile
--------------------------
Patching file Makefile using Plan A...
Hunk #1 succeeded at 781.
Hunk #2 succeeded at 1520.
Hmm...  The next patch looks like a unified diff to me...
The text leading up to this was:
--------------------------
|diff --git a/TARGETS b/TARGETS
|index 6ebd7cd..030f865 100644
|--- a/TARGETS
|+++ b/TARGETS
--------------------------
Patching file TARGETS using Plan A...
Hunk #1 succeeded at 375.
Hmm...  The next patch looks like a unified diff to me...
The text leading up to this was:
--------------------------
|diff --git a/conf-cc b/conf-cc
|index e58fb9b..996801a 100644
|--- a/conf-cc
|+++ b/conf-cc
--------------------------
Patching file conf-cc using Plan A...
Hunk #1 succeeded at 1.
Hmm...  The next patch looks like a unified diff to me...
The text leading up to this was:
--------------------------
|diff --git a/hier.c b/hier.c
|index 00ca66f..04a22bb 100644
|--- a/hier.c
|+++ b/hier.c
--------------------------
Patching file hier.c using Plan A...
Hunk #1 succeeded at 83.
Hunk #2 succeeded at 115.
Hmm...  The next patch looks like a unified diff to me...
The text leading up to this was:
--------------------------
|diff --git a/qmail-send.c b/qmail-send.c
|index c9caef8..d9f4a46 100644
|--- a/qmail-send.c
|+++ b/qmail-send.c
--------------------------
Patching file qmail-send.c using Plan A...
Hunk #1 succeeded at 1210.
Hunk #2 succeeded at 1237.
Hunk #3 succeeded at 1292.
Hunk #4 succeeded at 1409.
Hunk #5 succeeded at 1474.
Hmm...  The next patch looks like a unified diff to me...
The text leading up to this was:
--------------------------
|diff --git a/qmail-start.c b/qmail-start.c
|index fe7f8e4..632fdd6 100644
|--- a/qmail-start.c
|+++ b/qmail-start.c
--------------------------
Patching file qmail-start.c using Plan A...
Hunk #1 succeeded at 12.
Hunk #2 succeeded at 23.
Hunk #3 succeeded at 36.
Hunk #4 succeeded at 69.
Hunk #5 succeeded at 101.
Hunk #6 succeeded at 140.
Hunk #7 succeeded at 175.
Hmm...  The next patch looks like a unified diff to me...
The text leading up to this was:
--------------------------
|diff --git a/qmail-todo.c b/qmail-todo.c
|new file mode 100644
|index 0000000..45f10eb
|--- /dev/null
|+++ b/qmail-todo.c
--------------------------
(Creating file qmail-todo.c...)
Patching file qmail-todo.c using Plan A...
Empty context always matches.
Hunk #1 succeeded at 1.
done
make -C notqmail-8c53cd40a3329d682a905decb1f8734fa1ba2e9a-ext-todo it
( cat warn-auto.sh;  echo CC=\'`head -n 1 conf-cc`\';  echo LD=\'`head -n 1 conf-ld`\'  ) > auto-ccld.sh
cat auto-ccld.sh make-load.sh > make-load
chmod 755 make-load
( cat warn-auto.sh; ./make-load ) > load
chmod 755 load
cat auto-ccld.sh make-compile.sh > make-compile
chmod 755 make-compile
( cat warn-auto.sh; ./make-compile ) > compile
chmod 755 compile
./compile qmail-local.c
qmail-local.c:58: warning: missing initializer
qmail-local.c:58: warning: (near initialization for 'safeext.len')
qmail-local.c:59: warning: missing initializer
qmail-local.c:59: warning: (near initialization for 'ufline.len')
qmail-local.c:60: warning: missing initializer
qmail-local.c:60: warning: (near initialization for 'rpline.len')
qmail-local.c:61: warning: missing initializer
qmail-local.c:61: warning: (near initialization for 'envrecip.len')
qmail-local.c:62: warning: missing initializer
qmail-local.c:62: warning: (near initialization for 'dtline.len')
qmail-local.c:63: warning: missing initializer
qmail-local.c:63: warning: (near initialization for 'qme.len')
qmail-local.c:64: warning: missing initializer
qmail-local.c:64: warning: (near initialization for 'ueo.len')
qmail-local.c:65: warning: missing initializer
qmail-local.c:65: warning: (near initialization for 'cmds.len')
qmail-local.c:66: warning: missing initializer
qmail-local.c:66: warning: (near initialization for 'messline.len')
qmail-local.c:67: warning: missing initializer
qmail-local.c:67: warning: (near initialization for 'foo.len')
qmail-local.c: In function 'qmesearch':
qmail-local.c:397: warning: comparison between signed and unsigned
qmail-local.c:410: warning: comparison between signed and unsigned
./compile qmail.c
qmail.c: In function 'qmail_close':
qmail.c:121: warning: comparison between signed and unsigned
( ( ./compile chkbiofl.c  && ./load chkbiofl &&  ./chkbiofl ) >/dev/null 2>&1  && cat oflops_bi.h || cat oflops_compat.h ) > oflops.h
rm -f chkbiofl.o chkbiofl
./compile quote.c
quote.c: In function 'doit':
quote.c:40: warning: comparison between signed and unsigned
quote.c: In function 'quote_need':
quote.c:59: warning: comparison between signed and unsigned
quote.c:67: warning: comparison between signed and unsigned
quote.c: At top level:
quote.c:79: warning: missing initializer
quote.c:79: warning: (near initialization for 'foo.len')
./compile gfrom.c
./compile myctime.c
./compile slurpclose.c
cat auto-ccld.sh make-makelib.sh > make-makelib
chmod 755 make-makelib
( cat warn-auto.sh; ./make-makelib ) >  makelib
chmod 755 makelib
./compile case_diffb.c
./compile case_diffs.c
./compile case_lowerb.c
./compile case_lowers.c
./compile case_starts.c
./makelib case.a case_diffb.o case_diffs.o case_lowerb.o  case_lowers.o case_starts.o
./compile getln.c
./compile getln2.c
./makelib getln.a getln.o getln2.o
./compile subgetopt.c
./compile sgetopt.c
./makelib getopt.a subgetopt.o sgetopt.o
./compile sig_alarm.c
( ( ./compile trysgprm.c && ./load trysgprm ) >/dev/null  2>&1  && echo \#define HASSIGPROCMASK 1 || exit 0 ) > hassgprm.h
rm -f trysgprm.o trysgprm
./compile sig_block.c
( ( ./compile trysgact.c && ./load trysgact ) >/dev/null  2>&1  && echo \#define HASSIGACTION 1 || exit 0 ) > hassgact.h
rm -f trysgact.o trysgact
./compile sig_catch.c
./compile sig_pause.c
./compile sig_pipe.c
./compile sig_child.c
./compile sig_hup.c
./compile sig_term.c
./compile sig_bug.c
./compile sig_misc.c
./makelib sig.a sig_alarm.o sig_block.o sig_catch.o  sig_pause.o sig_pipe.o sig_child.o sig_hup.o sig_term.o  sig_bug.o sig_misc.o
./compile open_append.c
./compile open_excl.c
./compile open_read.c
./compile open_trunc.c
./compile open_write.c
./makelib open.a open_append.o open_excl.o open_read.o  open_trunc.o open_write.o
( ( ./compile tryflock.c && ./load tryflock ) >/dev/null  2>&1  && echo \#define HASFLOCK 1 || exit 0 ) > hasflock.h
rm -f tryflock.o tryflock
./compile lock_ex.c
./compile lock_exnb.c
./compile lock_un.c
./makelib lock.a lock_ex.o lock_exnb.o lock_un.o
./compile fd_copy.c
./compile fd_move.c
./makelib fd.a fd_copy.o fd_move.o
( ( ./compile trywaitp.c && ./load trywaitp ) >/dev/null  2>&1  && echo \#define HASWAITPID 1 || exit 0 ) > haswaitp.h
rm -f trywaitp.o trywaitp
./compile wait_pid.c
./compile wait_nohang.c
./makelib wait.a wait_pid.o wait_nohang.o
./compile env.c
./compile envread.c
./makelib env.a env.o envread.o
./compile stralloc_eady.c
./compile stralloc_pend.c
./compile stralloc_copy.c
./compile stralloc_opys.c
./compile stralloc_opyb.c
./compile stralloc_cat.c
./compile stralloc_cats.c
./compile stralloc_catb.c
./compile stralloc_arts.c
./makelib stralloc.a stralloc_eady.o stralloc_pend.o  stralloc_copy.o stralloc_opys.o stralloc_opyb.o  stralloc_cat.o stralloc_cats.o stralloc_catb.o  stralloc_arts.o
./compile strerr_sys.c
./compile strerr_die.c
./makelib strerr.a strerr_sys.o strerr_die.o
./compile substdio.c
./compile substdi.c
substdi.c: In function 'substdio_bget':
substdi.c:50: warning: comparison between signed and unsigned
substdi.c: In function 'substdio_get':
substdi.c:62: warning: comparison between signed and unsigned
./compile substdo.c
./compile subfderr.c
./compile subfdout.c
./compile subfdouts.c
./compile subfdin.c
./compile subfdins.c
./compile substdio_copy.c
./makelib substdio.a substdio.o substdi.o substdo.o  subfderr.o subfdout.o subfdouts.o subfdin.o subfdins.o  substdio_copy.o
./compile error_str.c
./compile error_temp.c
./makelib error.a error_str.o error_temp.o
./compile str_chr.c
./compile str_rchr.c
./compile str_start.c
./compile byte_chr.c
./compile byte_rchr.c
./compile byte_copy.c
./compile byte_cr.c
./compile byte_zero.c
./makelib str.a  str_chr.o str_rchr.o str_start.o byte_chr.o byte_rchr.o  byte_copy.o byte_cr.o byte_zero.o
./compile fmt_str.c
./compile fmt_strn.c
./compile fmt_uint.c
./compile fmt_uint0.c
./compile fmt_ulong.c
./compile scan_ulong.c
./compile scan_8long.c
./makelib fs.a fmt_str.o fmt_strn.o fmt_uint.o fmt_uint0.o  fmt_ulong.o scan_ulong.o scan_8long.o
./compile datetime.c
./compile datetime_un.c
./makelib datetime.a datetime.o datetime_un.o
./compile auto-str.c
auto-str.c:10: warning: conflicting types for built-in function 'puts'
./load auto-str substdio.a error.a str.a 
./auto-str auto_qmail `head -n 1 conf-qmail` > auto_qmail.c
./compile auto_qmail.c
./compile auto-int8.c
auto-int8.c:11: warning: conflicting types for built-in function 'puts'
./load auto-int8 substdio.a error.a str.a fs.a 
./auto-int8 auto_patrn `head -n 1 conf-patrn` > auto_patrn.c
./compile auto_patrn.c
( ( ./compile trylsock.c &&  ./load trylsock -lsocket -lnsl ) >/dev/null 2>&1  && echo -lsocket -lnsl || exit 0 ) > socket.lib
rm -f trylsock.o trylsock
./load qmail-local qmail.o quote.o gfrom.o myctime.o  slurpclose.o case.a getln.a getopt.a sig.a open.a  lock.a fd.a wait.a env.a stralloc.a strerr.a  substdio.a error.a str.a fs.a datetime.a auto_qmail.o  auto_patrn.o  `cat socket.lib`
./compile qmail-lspawn.c
qmail-lspawn.c: In function 'initialize':
qmail-lspawn.c:29: warning: unused parameter 'argc'
qmail-lspawn.c: At top level:
qmail-lspawn.c:87: warning: missing initializer
qmail-lspawn.c:87: warning: (near initialization for 'lower.len')
qmail-lspawn.c:88: warning: missing initializer
qmail-lspawn.c:88: warning: (near initialization for 'nughde.len')
qmail-lspawn.c:89: warning: missing initializer
qmail-lspawn.c:89: warning: (near initialization for 'wildchars.len')
qmail-lspawn.c: In function 'spawn':
qmail-lspawn.c:211: warning: comparison between signed and unsigned
qmail-lspawn.c:215: warning: comparison between signed and unsigned
qmail-lspawn.c:219: warning: comparison between signed and unsigned
qmail-lspawn.c:222: warning: comparison between signed and unsigned
qmail-lspawn.c:226: warning: comparison between signed and unsigned
qmail-lspawn.c:229: warning: comparison between signed and unsigned
( ./compile trysysel.c >/dev/null 2>&1  && cat select.h2 || cat select.h1 ) > select.h
rm -f trysysel.o trysysel
./compile chkspawn.c
chkspawn.c: In function 'main':
chkspawn.c:30: warning: comparison between signed and unsigned
./compile auto-int.c
auto-int.c:11: warning: conflicting types for built-in function 'puts'
./load auto-int substdio.a error.a str.a fs.a 
./auto-int auto_spawn `head -n 1 conf-spawn` > auto_spawn.c
./compile auto_spawn.c
./load chkspawn substdio.a error.a str.a fs.a auto_spawn.o 
./chkspawn
./compile spawn.c
spawn.c:69: warning: missing initializer
spawn.c:69: warning: (near initialization for 'messid.len')
spawn.c:70: warning: missing initializer
spawn.c:70: warning: (near initialization for 'sender.len')
spawn.c:71: warning: missing initializer
spawn.c:71: warning: (near initialization for 'recip.len')
spawn.c: In function 'docmd':
spawn.c:92: warning: comparison between signed and unsigned
spawn.c:104: warning: comparison between signed and unsigned
spawn.c: In function 'main':
spawn.c:248: warning: comparison between signed and unsigned
./compile prot.c
./compile coe.c
./compile cdb_hash.c
./compile cdb_unpack.c
./compile cdb_seek.c
cdb_seek.c: In function 'match':
cdb_seek.c:39: warning: comparison between signed and unsigned
./makelib cdb.a cdb_hash.o cdb_unpack.o cdb_seek.o
./auto-str auto_usera `head -n 1 conf-users` > auto_usera.c
./compile auto_usera.c
./auto-str auto_userd `head -n 2 conf-users | tail -1` > auto_userd.c
./compile auto_userd.c
./auto-str auto_userl `head -n 3 conf-users | tail -1` > auto_userl.c
./compile auto_userl.c
./auto-str auto_usero `head -n 4 conf-users | tail -1` > auto_usero.c
./compile auto_usero.c
./auto-str auto_userp `head -n 5 conf-users | tail -1` > auto_userp.c
./compile auto_userp.c
./auto-str auto_userq `head -n 6 conf-users | tail -1` > auto_userq.c
./compile auto_userq.c
./auto-str auto_userr `head -n 7 conf-users | tail -1` > auto_userr.c
./compile auto_userr.c
./auto-str auto_users `head -n 8 conf-users | tail -1` > auto_users.c
./compile auto_users.c
./auto-str auto_groupn `head -n 2 conf-groups | tail -1` > auto_groupn.c
./compile auto_groupn.c
./auto-str auto_groupq `head -n 1 conf-groups` > auto_groupq.c
./compile auto_groupq.c
./compile gid.c
./compile uid.c
./makelib ids.a auto_usera.o auto_userd.o auto_userl.o auto_usero.o  auto_userp.o auto_userq.o auto_userr.o auto_users.o auto_groupn.o  auto_groupq.o gid.o uid.o
./load qmail-lspawn spawn.o prot.o slurpclose.o coe.o sig.a wait.a  case.a cdb.a fd.a open.a stralloc.a auto_qmail.o  auto_spawn.o ids.a substdio.a error.a str.a fs.a
./compile qmail-getpw.c
qmail-getpw.c: In function 'userext':
qmail-getpw.c:31: warning: comparison between signed and unsigned
./auto-str auto_break  "`head -n 1 conf-break`" > auto_break.c
./compile auto_break.c
./load qmail-getpw case.a substdio.a error.a str.a fs.a  auto_break.o ids.a
./compile qmail-remote.c
qmail-remote.c:39: warning: missing initializer
qmail-remote.c:39: warning: (near initialization for 'sauninit.len')
qmail-remote.c:41: warning: missing initializer
qmail-remote.c:41: warning: (near initialization for 'helohost.len')
qmail-remote.c:42: warning: missing initializer
qmail-remote.c:42: warning: (near initialization for 'routes.len')
qmail-remote.c:44: warning: missing initializer
qmail-remote.c:44: warning: (near initialization for 'host.len')
qmail-remote.c:45: warning: missing initializer
qmail-remote.c:45: warning: (near initialization for 'sender.len')
qmail-remote.c:47: warning: missing initializer
qmail-remote.c:47: warning: (near initialization for 'reciplist.len')
qmail-remote.c: In function 'outsafe':
qmail-remote.c:55: warning: comparison between signed and unsigned
qmail-remote.c: In function 'saferead':
qmail-remote.c:110: warning: unused parameter 'fd'
qmail-remote.c: In function 'safewrite':
qmail-remote.c:111: warning: unused parameter 'fd'
qmail-remote.c: At top level:
qmail-remote.c:120: warning: missing initializer
qmail-remote.c:120: warning: (near initialization for 'smtptext.len')
qmail-remote.c: In function 'outsmtptext':
qmail-remote.c:159: warning: comparison between signed and unsigned
qmail-remote.c: At top level:
qmail-remote.c:215: warning: missing initializer
qmail-remote.c:215: warning: (near initialization for 'recip.len')
qmail-remote.c: In function 'smtp':
qmail-remote.c:240: warning: comparison between signed and unsigned
qmail-remote.c: At top level:
qmail-remote.c:274: warning: missing initializer
qmail-remote.c:274: warning: (near initialization for 'canonhost.len')
qmail-remote.c:275: warning: missing initializer
qmail-remote.c:275: warning: (near initialization for 'canonbox.len')
qmail-remote.c: In function 'main':
qmail-remote.c:317: warning: missing initializer
qmail-remote.c:317: warning: (near initialization for 'ip.len')
qmail-remote.c:333: warning: comparison between signed and unsigned
qmail-remote.c:334: warning: comparison between signed and unsigned
qmail-remote.c:376: warning: comparison between signed and unsigned
qmail-remote.c:378: warning: comparison between signed and unsigned
qmail-remote.c:383: warning: comparison between signed and unsigned
qmail-remote.c:384: warning: comparison between signed and unsigned
qmail-remote.c:387: warning: comparison between signed and unsigned
qmail-remote.c:390: warning: comparison between signed and unsigned
qmail-remote.c:390: warning: comparison between signed and unsigned
./compile control.c
control.c:13: warning: missing initializer
control.c:13: warning: (near initialization for 'line.len')
control.c:14: warning: missing initializer
control.c:14: warning: (near initialization for 'me.len')
./compile constmap.c
constmap.c: In function 'constmap_init':
constmap.c:57: warning: comparison between signed and unsigned
./compile timeoutread.c
./compile timeoutwrite.c
./compile timeoutconn.c
./compile tcpto.c
tcpto.c: In function 'tcpto_err':
tcpto.c:110: warning: empty body in an if-statement
tcpto.c:160: warning: empty body in an if-statement
tcpto.c:129: warning: 'firstwhen' may be used uninitialized in this function
./compile dns.c
dns.c:40: warning: missing initializer
dns.c:40: warning: (near initialization for 'glue.len')
./compile ip.c
./compile ipalloc.c
( ./compile trysalen.c >/dev/null 2>&1  && echo \#define HASSALEN 1 || exit 0 ) > hassalen.h
rm -f trysalen.o
./compile ipme.c
ipme.c:21: warning: missing initializer
ipme.c:21: warning: (near initialization for 'ipme.len')
ipme.c: In function 'ipme_is':
ipme.c:28: warning: comparison between signed and unsigned
ipme.c: At top level:
ipme.c:34: warning: missing initializer
ipme.c:34: warning: (near initialization for 'buf.len')
ipme.c: In function 'ipme_init':
ipme.c:79: warning: comparison between signed and unsigned
ipme.c:92: warning: comparison between signed and unsigned
./compile ndelay.c
./compile ndelay_off.c
./makelib ndelay.a ndelay.o ndelay_off.o
( ( ./compile tryrsolv.c && ./load tryrsolv dns.o  ipalloc.o ip.o stralloc.a error.a fs.a str.a  -lresolv `cat socket.lib` ) >/dev/null 2>&1  && echo -lresolv || exit 0 ) > dns.lib
rm -f tryrsolv.o tryrsolv
./load qmail-remote control.o constmap.o timeoutread.o  timeoutwrite.o timeoutconn.o tcpto.o dns.o ip.o  ipalloc.o ipme.o quote.o ndelay.a case.a sig.a open.a  lock.a getln.a stralloc.a substdio.a error.a  str.a fs.a auto_qmail.o  `cat dns.lib` `cat socket.lib`
./compile qmail-rspawn.c
qmail-rspawn.c: In function 'initialize':
qmail-rspawn.c:15: warning: unused parameter 'argc'
qmail-rspawn.c:16: warning: unused parameter 'argv'
./compile tcpto_clean.c
tcpto_clean.c: In function 'tcpto_clean':
tcpto_clean.c:17: warning: comparison between signed and unsigned
./load qmail-rspawn spawn.o tcpto_clean.o coe.o  sig.a open.a lock.a wait.a fd.a stralloc.a  auto_qmail.o ids.a substdio.a error.a env.a str.a  auto_spawn.o
( ./compile trydrent.c >/dev/null 2>&1  && cat direntry.h2 || cat direntry.h1 ) > direntry.h
rm -f trydrent.o
./compile qmail-clean.c
qmail-clean.c:23: warning: missing initializer
qmail-clean.c:23: warning: (near initialization for 'line.len')
qmail-clean.c: In function 'main':
qmail-clean.c:77: warning: comparison between signed and unsigned
./compile fmtqfn.c
./auto-int auto_split `head -n 1 conf-split` > auto_split.c
./compile auto_split.c
./load qmail-clean fmtqfn.o getln.a sig.a stralloc.a  substdio.a error.a str.a fs.a auto_qmail.o  auto_split.o 
./compile qmail-send.c
In file included from qmail-send.c:30:
qsutil.h:11: warning: conflicting types for built-in function 'log2'
qmail-send.c:48: warning: missing initializer
qmail-send.c:48: warning: (near initialization for 'percenthack.len')
qmail-send.c:50: warning: missing initializer
qmail-send.c:50: warning: (near initialization for 'locals.len')
qmail-send.c:52: warning: missing initializer
qmail-send.c:52: warning: (near initialization for 'vdoms.len')
qmail-send.c:54: warning: missing initializer
qmail-send.c:54: warning: (near initialization for 'envnoathost.len')
qmail-send.c:55: warning: missing initializer
qmail-send.c:55: warning: (near initialization for 'bouncefrom.len')
qmail-send.c:56: warning: missing initializer
qmail-send.c:56: warning: (near initialization for 'bouncehost.len')
qmail-send.c:57: warning: missing initializer
qmail-send.c:57: warning: (near initialization for 'doublebounceto.len')
qmail-send.c:58: warning: missing initializer
qmail-send.c:58: warning: (near initialization for 'doublebouncehost.len')
qmail-send.c:89: warning: missing initializer
qmail-send.c:89: warning: (near initialization for 'fn.len')
qmail-send.c:90: warning: missing initializer
qmail-send.c:90: warning: (near initialization for 'fn2.len')
qmail-send.c:112: warning: missing initializer
qmail-send.c:112: warning: (near initialization for 'rwline.len')
qmail-send.c: In function 'rewrite':
qmail-send.c:121: warning: missing initializer
qmail-send.c:121: warning: (near initialization for 'addr.len')
qmail-send.c: In function 'getinfo':
qmail-send.c:203: warning: missing initializer
qmail-send.c:203: warning: (near initialization for 'line.len')
qmail-send.c: At top level:
qmail-send.c:229: warning: missing initializer
qmail-send.c:229: warning: (near initialization for 'comm_buf[0].len')
qmail-send.c:229: warning: missing initializer
qmail-send.c:229: warning: (near initialization for 'comm_buf[1].len')
qmail-send.c:382: warning: missing initializer
qmail-send.c:382: warning: (near initialization for 'pqdone.len')
qmail-send.c:383: warning: missing initializer
qmail-send.c:383: warning: (near initialization for 'pqchan[0].len')
qmail-send.c:383: warning: missing initializer
qmail-send.c:383: warning: (near initialization for 'pqchan[1].len')
qmail-send.c:386: warning: missing initializer
qmail-send.c:386: warning: (near initialization for 'pqfail.len')
qmail-send.c: In function 'pqfinish':
qmail-send.c:453: warning: missing braces around initializer
qmail-send.c:453: warning: (near initialization for 'ut[0]')
qmail-send.c:453: warning: missing initializer
qmail-send.c:453: warning: (near initialization for 'ut[0].tv_usec')
qmail-send.c: At top level:
qmail-send.c:598: warning: missing initializer
qmail-send.c:598: warning: (near initialization for 'bouncetext.len')
qmail-send.c: In function 'injectbounce':
qmail-send.c:658: warning: missing initializer
qmail-send.c:658: warning: (near initialization for 'sender.len')
qmail-send.c:659: warning: missing initializer
qmail-send.c:659: warning: (near initialization for 'quoted.len')
qmail-send.c: In function 'del_dochan':
qmail-send.c:910: warning: comparison between signed and unsigned
qmail-send.c: In function 'pass_dochan':
qmail-send.c:1059: warning: missing initializer
qmail-send.c:1059: warning: (near initialization for 'line.len')
qmail-send.c: At top level:
qmail-send.c:1215: warning: missing initializer
qmail-send.c:1215: warning: (near initialization for 'todoline.len')
qmail-send.c: In function 'todo_selprep':
qmail-send.c:1238: warning: unused parameter 'wakeup'
qmail-send.c: At top level:
qmail-send.c:1377: warning: missing initializer
qmail-send.c:1377: warning: (near initialization for 'newlocals.len')
qmail-send.c:1378: warning: missing initializer
qmail-send.c:1378: warning: (near initialization for 'newvdoms.len')
qmail-send.c: In function 'main':
qmail-send.c:1462: warning: comparison between signed and unsigned
./compile qsutil.c
In file included from qsutil.c:1:
qsutil.h:11: warning: conflicting types for built-in function 'log2'
qsutil.c:7: warning: missing initializer
qsutil.c:7: warning: (near initialization for 'foo.len')
qsutil.c: In function 'logsafe':
qsutil.c:40: warning: comparison between signed and unsigned
./compile newfield.c
newfield.c:10: warning: missing initializer
newfield.c:10: warning: (near initialization for 'newfield_date.len')
newfield.c:12: warning: missing initializer
newfield.c:12: warning: (near initialization for 'newfield_msgid.len')
./compile prioq.c
( ( ./compile trymkffo.c && ./load trymkffo ) >/dev/null  2>&1  && echo \#define HASMKFIFO 1 || exit 0 ) > hasmkffo.h
rm -f trymkffo.o trymkffo
./compile fifo.c
( ( ./compile trynpbg1.c  && ./load trynpbg1 fifo.o open.a && ./trynpbg1 )  >/dev/null 2>&1  && echo \#define HASNAMEDPIPEBUG1 1 || exit 0 ) >  hasnpbg1.h
rm -f trynpbg1.o trynpbg1
./compile trigger.c
./compile readsubdir.c
./compile date822fmt.c
./load qmail-send qsutil.o control.o constmap.o newfield.o  prioq.o trigger.o fmtqfn.o quote.o readsubdir.o  qmail.o date822fmt.o datetime.a case.a ndelay.a getln.a  wait.a fd.a sig.a open.a lock.a stralloc.a  substdio.a error.a str.a fs.a auto_qmail.o auto_split.o env.a
./compile qmail-start.c
qmail-start.c: In function 'main':
qmail-start.c:52: warning: unused parameter 'argc'
./load qmail-start prot.o fd.a ids.a substdio.a error.a str.a
./compile splogger.c
( ( ./compile trysyslog.c &&  ./load trysyslog -lgen ) >/dev/null 2>&1  && echo -lgen || exit 0 ) > syslog.lib
rm -f trysyslog.o trysyslog
./load splogger substdio.a error.a str.a fs.a  `cat  syslog.lib` `cat socket.lib`
./compile qmail-queue.c
./compile triggerpull.c
./load qmail-queue triggerpull.o fmtqfn.o  date822fmt.o datetime.a ndelay.a open.a sig.a  auto_qmail.o auto_split.o ids.a  substdio.a error.a str.a fs.a
./compile qmail-inject.c
qmail-inject.c:44: warning: missing initializer
qmail-inject.c:44: warning: (near initialization for 'control_idhost.len')
qmail-inject.c:45: warning: missing initializer
qmail-inject.c:45: warning: (near initialization for 'control_defaultdomain.len')
qmail-inject.c:46: warning: missing initializer
qmail-inject.c:46: warning: (near initialization for 'control_defaulthost.len')
qmail-inject.c:47: warning: missing initializer
qmail-inject.c:47: warning: (near initialization for 'control_plusdomain.len')
qmail-inject.c:49: warning: missing initializer
qmail-inject.c:49: warning: (near initialization for 'sender.len')
qmail-inject.c:50: warning: missing initializer
qmail-inject.c:50: warning: (near initialization for 'envsbuf.len')
qmail-inject.c:51: warning: missing initializer
qmail-inject.c:51: warning: (near initialization for 'envs.len')
qmail-inject.c:59: warning: conflicting types for built-in function 'puts'
qmail-inject.c:83: warning: missing initializer
qmail-inject.c:83: warning: (near initialization for 'sauninit.len')
qmail-inject.c:85: warning: missing initializer
qmail-inject.c:85: warning: (near initialization for 'savedh.len')
qmail-inject.c:86: warning: missing initializer
qmail-inject.c:86: warning: (near initialization for 'hrlist.len')
qmail-inject.c:87: warning: missing initializer
qmail-inject.c:87: warning: (near initialization for 'tocclist.len')
qmail-inject.c:88: warning: missing initializer
qmail-inject.c:88: warning: (near initialization for 'hrrlist.len')
qmail-inject.c:89: warning: missing initializer
qmail-inject.c:89: warning: (near initialization for 'reciplist.len')
qmail-inject.c: In function 'exitnicely':
qmail-inject.c:105: warning: comparison between signed and unsigned
qmail-inject.c:112: warning: comparison between signed and unsigned
qmail-inject.c:118: warning: comparison between signed and unsigned
qmail-inject.c: In function 'savedh_print':
qmail-inject.c:160: warning: comparison between signed and unsigned
qmail-inject.c: At top level:
qmail-inject.c:164: warning: missing initializer
qmail-inject.c:164: warning: (near initialization for 'defaultdomainbuf.len')
qmail-inject.c:165: warning: missing initializer
qmail-inject.c:165: warning: (near initialization for 'defaultdomain.len')
qmail-inject.c:166: warning: missing initializer
qmail-inject.c:166: warning: (near initialization for 'defaulthostbuf.len')
qmail-inject.c:167: warning: missing initializer
qmail-inject.c:167: warning: (near initialization for 'defaulthost.len')
qmail-inject.c:168: warning: missing initializer
qmail-inject.c:168: warning: (near initialization for 'plusdomainbuf.len')
qmail-inject.c:169: warning: missing initializer
qmail-inject.c:169: warning: (near initialization for 'plusdomain.len')
qmail-inject.c: In function 'rwextraat':
qmail-inject.c:187: warning: comparison between signed and unsigned
qmail-inject.c: In function 'rwextradot':
qmail-inject.c:199: warning: comparison between signed and unsigned
qmail-inject.c: In function 'rwnoat':
qmail-inject.c:210: warning: comparison between signed and unsigned
qmail-inject.c: In function 'rwnodot':
qmail-inject.c:227: warning: comparison between signed and unsigned
qmail-inject.c:234: warning: comparison between signed and unsigned
qmail-inject.c: At top level:
qmail-inject.c:340: warning: missing initializer
qmail-inject.c:340: warning: (near initialization for 'hfbuf.len')
qmail-inject.c:341: warning: missing initializer
qmail-inject.c:341: warning: (near initialization for 'hfin.len')
qmail-inject.c:342: warning: missing initializer
qmail-inject.c:342: warning: (near initialization for 'hfrewrite.len')
qmail-inject.c:343: warning: missing initializer
qmail-inject.c:343: warning: (near initialization for 'hfaddr.len')
qmail-inject.c:400: warning: missing initializer
qmail-inject.c:400: warning: (near initialization for 'torecip.len')
qmail-inject.c:401: warning: missing initializer
qmail-inject.c:401: warning: (near initialization for 'tr.len')
qmail-inject.c:421: warning: missing initializer
qmail-inject.c:421: warning: (near initialization for 'defaultfrom.len')
qmail-inject.c:422: warning: missing initializer
qmail-inject.c:422: warning: (near initialization for 'df.len')
qmail-inject.c:478: warning: missing initializer
qmail-inject.c:478: warning: (near initialization for 'defaultreturnpath.len')
qmail-inject.c:479: warning: missing initializer
qmail-inject.c:479: warning: (near initialization for 'drp.len')
qmail-inject.c:480: warning: missing initializer
qmail-inject.c:480: warning: (near initialization for 'hackedruser.len')
qmail-inject.c:524: warning: missing initializer
qmail-inject.c:524: warning: (near initialization for 'mft.len')
qmail-inject.c: In function 'finishmft':
qmail-inject.c:546: warning: missing initializer
qmail-inject.c:546: warning: (near initialization for 'sa.len')
qmail-inject.c:547: warning: missing initializer
qmail-inject.c:547: warning: (near initialization for 'sa2.len')
qmail-inject.c:552: warning: comparison between signed and unsigned
qmail-inject.c:556: warning: comparison between signed and unsigned
qmail-inject.c: In function 'finishheader':
qmail-inject.c:582: warning: missing initializer
qmail-inject.c:582: warning: (near initialization for 'sa.len')
qmail-inject.c:583: warning: missing initializer
qmail-inject.c:583: warning: (near initialization for 'sa2.len')
qmail-inject.c: In function 'getcontrols':
qmail-inject.c:648: warning: missing initializer
qmail-inject.c:648: warning: (near initialization for 'sa.len')
./compile headerbody.c
headerbody.c:21: warning: missing initializer
headerbody.c:21: warning: (near initialization for 'line.len')
headerbody.c:22: warning: missing initializer
headerbody.c:22: warning: (near initialization for 'nextline.len')
./compile hfield.c
./compile token822.c
token822.c:7: warning: missing initializer
token822.c:7: warning: (near initialization for 'comma.s')
token822.c: In function 'token822_unparse':
token822.c:99: warning: comparison between signed and unsigned
token822.c:135: warning: comparison between signed and unsigned
token822.c: In function 'token822_unquote':
token822.c:193: warning: comparison between signed and unsigned
token822.c:213: warning: comparison between signed and unsigned
token822.c: In function 'gotaddr':
token822.c:414: warning: comparison between signed and unsigned
./load qmail-inject headerbody.o hfield.o newfield.o  quote.o control.o date822fmt.o constmap.o qmail.o  case.a fd.a wait.a open.a getln.a sig.a getopt.a datetime.a  token822.o env.a stralloc.a substdio.a error.a  str.a fs.a auto_qmail.o 
./compile predate.c
predate.c: In function 'main':
predate.c:23: warning: unused parameter 'argc'
./load predate datetime.a strerr.a sig.a fd.a wait.a  substdio.a error.a str.a fs.a 
cat warn-auto.sh datemail.sh  | sed s}QMAIL}"`head -n 1 conf-qmail`"}g  | sed s}BREAK}"`head -n 1 conf-break`"}g  | sed s}SPLIT}"`head -n 1 conf-split`"}g  > datemail
chmod 755 datemail
cat warn-auto.sh mailsubj.sh  | sed s}QMAIL}"`head -n 1 conf-qmail`"}g  | sed s}BREAK}"`head -n 1 conf-break`"}g  | sed s}SPLIT}"`head -n 1 conf-split`"}g  > mailsubj
chmod 755 mailsubj
cat warn-auto.sh qmail-upq.sh  | sed s}QMAIL}"`head -n 1 conf-qmail`"}g  | sed s}BREAK}"`head -n 1 conf-break`"}g  | sed s}SPLIT}"`head -n 1 conf-split`"}g  > qmail-upq
chmod 755 qmail-upq
./compile qmail-showctl.c
qmail-showctl.c:21: warning: missing initializer
qmail-showctl.c:21: warning: (near initialization for 'me.len')
qmail-showctl.c:24: warning: missing initializer
qmail-showctl.c:24: warning: (near initialization for 'line.len')
qmail-showctl.c: In function 'do_lst':
qmail-showctl.c:138: warning: comparison between signed and unsigned
./load qmail-showctl control.o open.a getln.a ids.a  stralloc.a substdio.a error.a str.a fs.a auto_qmail.o  auto_break.o auto_patrn.o auto_spawn.o auto_split.o
./compile qmail-newu.c
qmail-newu.c:61: warning: missing initializer
qmail-newu.c:61: warning: (near initialization for 'key.len')
qmail-newu.c:62: warning: missing initializer
qmail-newu.c:62: warning: (near initialization for 'data.len')
qmail-newu.c:70: warning: missing initializer
qmail-newu.c:70: warning: (near initialization for 'line.len')
qmail-newu.c:73: warning: missing initializer
qmail-newu.c:73: warning: (near initialization for 'wildchars.len')
qmail-newu.c: In function 'main':
qmail-newu.c:102: warning: comparison between signed and unsigned
qmail-newu.c:121: warning: comparison between signed and unsigned
./compile cdbmss.c
cdbmss.c: In function 'cdbmss_add':
cdbmss.c:35: warning: comparison between signed and unsigned
./compile cdbmake_pack.c
./compile cdbmake_hash.c
./compile cdbmake_add.c
./makelib cdbmake.a cdbmake_pack.o cdbmake_hash.o  cdbmake_add.o
./load qmail-newu cdbmss.o getln.a open.a cdbmake.a  case.a stralloc.a substdio.a error.a str.a  auto_qmail.o 
./compile qmail-pw2u.c
qmail-pw2u.c:80: warning: missing initializer
qmail-pw2u.c:80: warning: (near initialization for 'incl.len')
qmail-pw2u.c:81: warning: missing initializer
qmail-pw2u.c:81: warning: (near initialization for 'excl.len')
qmail-pw2u.c:82: warning: missing initializer
qmail-pw2u.c:82: warning: (near initialization for 'mana.len')
qmail-pw2u.c:84: warning: missing initializer
qmail-pw2u.c:84: warning: (near initialization for 'allusers.len')
qmail-pw2u.c:86: warning: missing initializer
qmail-pw2u.c:86: warning: (near initialization for 'uugh.len')
qmail-pw2u.c:87: warning: missing initializer
qmail-pw2u.c:87: warning: (near initialization for 'user.len')
qmail-pw2u.c:88: warning: missing initializer
qmail-pw2u.c:88: warning: (near initialization for 'uidstr.len')
qmail-pw2u.c:89: warning: missing initializer
qmail-pw2u.c:89: warning: (near initialization for 'gidstr.len')
qmail-pw2u.c:90: warning: missing initializer
qmail-pw2u.c:90: warning: (near initialization for 'home.len')
qmail-pw2u.c:93: warning: missing initializer
qmail-pw2u.c:93: warning: (near initialization for 'line.len')
qmail-pw2u.c: In function 'doaccount':
qmail-pw2u.c:105: warning: comparison between signed and unsigned
qmail-pw2u.c:108: warning: comparison between signed and unsigned
qmail-pw2u.c:109: warning: comparison between signed and unsigned
qmail-pw2u.c:113: warning: comparison between signed and unsigned
qmail-pw2u.c:116: warning: comparison between signed and unsigned
qmail-pw2u.c:117: warning: comparison between signed and unsigned
qmail-pw2u.c:123: warning: comparison between signed and unsigned
qmail-pw2u.c: At top level:
qmail-pw2u.c:195: warning: missing initializer
qmail-pw2u.c:195: warning: (near initialization for 'sub.len')
qmail-pw2u.c: In function 'dosubuser':
qmail-pw2u.c:204: warning: comparison between signed and unsigned
qmail-pw2u.c:206: warning: comparison between signed and unsigned
qmail-pw2u.c:209: warning: comparison between signed and unsigned
./load qmail-pw2u constmap.o control.o open.a getln.a  case.a getopt.a stralloc.a substdio.a error.a str.a  fs.a ids.a auto_break.o auto_qmail.o
./compile qmail-qread.c
qmail-qread.c:53: warning: missing initializer
qmail-qread.c:53: warning: (near initialization for 'sender.len')
qmail-qread.c:85: warning: missing initializer
qmail-qread.c:85: warning: (near initialization for 'stats.len')
qmail-qread.c:107: warning: missing initializer
qmail-qread.c:107: warning: (near initialization for 'line.len')
./load qmail-qread fmtqfn.o readsubdir.o date822fmt.o  datetime.a open.a getln.a stralloc.a substdio.a  error.a str.a fs.a auto_qmail.o auto_split.o 
cat warn-auto.sh qmail-qstat.sh  | sed s}QMAIL}"`head -n 1 conf-qmail`"}g  | sed s}BREAK}"`head -n 1 conf-break`"}g  | sed s}SPLIT}"`head -n 1 conf-split`"}g  > qmail-qstat
chmod 755 qmail-qstat
./compile qmail-tcpto.c
qmail-tcpto.c: In function 'main':
qmail-tcpto.c:87: warning: control reaches end of non-void function
./load qmail-tcpto ip.o open.a lock.a substdio.a  error.a str.a fs.a auto_qmail.o 
./compile qmail-tcpok.c
qmail-tcpok.c: In function 'main':
qmail-tcpok.c:30: warning: comparison between signed and unsigned
./load qmail-tcpok open.a lock.a strerr.a substdio.a  error.a str.a auto_qmail.o 
./compile qmail-pop3d.c
qmail-pop3d.c:43: warning: conflicting types for built-in function 'puts'
qmail-pop3d.c: In function 'err_unimpl':
qmail-pop3d.c:68: warning: unused parameter 'arg'
qmail-pop3d.c: In function 'okay':
qmail-pop3d.c:75: warning: unused parameter 'arg'
qmail-pop3d.c: At top level:
qmail-pop3d.c:84: warning: missing initializer
qmail-pop3d.c:84: warning: (near initialization for 'line.len')
qmail-pop3d.c:111: warning: missing initializer
qmail-pop3d.c:111: warning: (near initialization for 'filenames.len')
qmail-pop3d.c:112: warning: missing initializer
qmail-pop3d.c:112: warning: (near initialization for 'pq.len')
qmail-pop3d.c: In function 'pop3_stat':
qmail-pop3d.c:148: warning: unused parameter 'arg'
qmail-pop3d.c: In function 'pop3_rset':
qmail-pop3d.c:163: warning: unused parameter 'arg'
qmail-pop3d.c: In function 'pop3_last':
qmail-pop3d.c:171: warning: unused parameter 'arg'
qmail-pop3d.c: In function 'pop3_quit':
qmail-pop3d.c:179: warning: unused parameter 'arg'
qmail-pop3d.c: In function 'dolisting':
qmail-pop3d.c:235: warning: comparison between signed and unsigned
qmail-pop3d.c: In function 'main':
qmail-pop3d.c:289: warning: unused parameter 'argc'
qmail-pop3d.c:303: warning: control reaches end of non-void function
./compile commands.c
commands.c:8: warning: missing initializer
commands.c:8: warning: (near initialization for 'cmd.len')
./compile maildir.c
./load qmail-pop3d commands.o case.a timeoutread.o  timeoutwrite.o maildir.o prioq.o env.a strerr.a sig.a  open.a getln.a stralloc.a substdio.a error.a str.a  fs.a  `cat socket.lib`
./compile qmail-popup.c
qmail-popup.c:29: warning: conflicting types for built-in function 'puts'
qmail-popup.c: In function 'err_authoriz':
qmail-popup.c:55: warning: unused parameter 'arg'
qmail-popup.c: In function 'okay':
qmail-popup.c:57: warning: unused parameter 'arg'
qmail-popup.c: In function 'pop3_quit':
qmail-popup.c:58: warning: unused parameter 'arg'
qmail-popup.c: At top level:
qmail-popup.c:63: warning: missing initializer
qmail-popup.c:63: warning: (near initialization for 'username.len')
qmail-popup.c: In function 'main':
qmail-popup.c:154: warning: unused parameter 'argc'
./load qmail-popup commands.o timeoutread.o timeoutwrite.o  case.a fd.a sig.a wait.a stralloc.a  substdio.a error.a str.a fs.a  `cat socket.lib`
./compile qmail-qmqpc.c
qmail-qmqpc.c: In function 'saferead':
qmail-qmqpc.c:37: warning: unused parameter 'fd'
qmail-qmqpc.c: In function 'safewrite':
qmail-qmqpc.c:38: warning: unused parameter 'fd'
qmail-qmqpc.c: At top level:
qmail-qmqpc.c:46: warning: missing initializer
qmail-qmqpc.c:46: warning: (near initialization for 'beforemessage.len')
qmail-qmqpc.c:47: warning: missing initializer
qmail-qmqpc.c:47: warning: (near initialization for 'message.len')
qmail-qmqpc.c:48: warning: missing initializer
qmail-qmqpc.c:48: warning: (near initialization for 'aftermessage.len')
qmail-qmqpc.c:51: warning: missing initializer
qmail-qmqpc.c:51: warning: (near initialization for 'line.len')
qmail-qmqpc.c:124: warning: missing initializer
qmail-qmqpc.c:124: warning: (near initialization for 'servers.len')
qmail-qmqpc.c: In function 'main':
qmail-qmqpc.c:141: warning: comparison between signed and unsigned
./load qmail-qmqpc slurpclose.o timeoutread.o  timeoutwrite.o timeoutconn.o ip.o control.o auto_qmail.o  sig.a ndelay.a open.a getln.a substdio.a stralloc.a  error.a str.a fs.a  `cat socket.lib`
./compile qmail-qmqpd.c
qmail-qmqpd.c: In function 'getbuf':
qmail-qmqpd.c:96: warning: comparison between signed and unsigned
qmail-qmqpd.c:102: warning: comparison between signed and unsigned
./compile received.c
./load qmail-qmqpd received.o date822fmt.o qmail.o  auto_qmail.o env.a substdio.a sig.a error.a wait.a fd.a  str.a datetime.a fs.a 
./compile qmail-qmtpd.c
qmail-qmtpd.c:75: warning: missing initializer
qmail-qmtpd.c:75: warning: (near initialization for 'failure.len')
qmail-qmtpd.c: In function 'main':
qmail-qmtpd.c:174: warning: comparison between signed and unsigned
qmail-qmtpd.c:178: warning: comparison between signed and unsigned
qmail-qmtpd.c:206: warning: comparison between signed and unsigned
qmail-qmtpd.c:210: warning: comparison between signed and unsigned
qmail-qmtpd.c:257: warning: comparison between signed and unsigned
./compile rcpthosts.c
rcpthosts.c:13: warning: missing initializer
rcpthosts.c:13: warning: (near initialization for 'rh.len')
rcpthosts.c:27: warning: missing initializer
rcpthosts.c:27: warning: (near initialization for 'host.len')
./load qmail-qmtpd rcpthosts.o control.o constmap.o  received.o date822fmt.o qmail.o cdb.a fd.a wait.a  datetime.a open.a getln.a sig.a case.a env.a stralloc.a  substdio.a error.a str.a fs.a auto_qmail.o
./compile qmail-smtpd.c
qmail-smtpd.c: In function 'err_unimpl':
qmail-smtpd.c:49: warning: unused parameter 'arg'
qmail-smtpd.c: In function 'err_noop':
qmail-smtpd.c:53: warning: unused parameter 'arg'
qmail-smtpd.c: In function 'err_vrfy':
qmail-smtpd.c:54: warning: unused parameter 'arg'
qmail-smtpd.c: At top level:
qmail-smtpd.c:58: warning: missing initializer
qmail-smtpd.c:58: warning: (near initialization for 'greeting.len')
qmail-smtpd.c: In function 'smtp_help':
qmail-smtpd.c:65: warning: unused parameter 'arg'
qmail-smtpd.c: In function 'smtp_quit':
qmail-smtpd.c:69: warning: unused parameter 'arg'
qmail-smtpd.c: At top level:
qmail-smtpd.c:80: warning: missing initializer
qmail-smtpd.c:80: warning: (near initialization for 'helohost.len')
qmail-smtpd.c:90: warning: missing initializer
qmail-smtpd.c:90: warning: (near initialization for 'liphost.len')
qmail-smtpd.c:92: warning: missing initializer
qmail-smtpd.c:92: warning: (near initialization for 'bmf.len')
qmail-smtpd.c:133: warning: missing initializer
qmail-smtpd.c:133: warning: (near initialization for 'addr.len')
qmail-smtpd.c: In function 'addrparse':
qmail-smtpd.c:181: warning: comparison between signed and unsigned
qmail-smtpd.c: In function 'bmfcheck':
qmail-smtpd.c:201: warning: comparison between signed and unsigned
qmail-smtpd.c: At top level:
qmail-smtpd.c:217: warning: missing initializer
qmail-smtpd.c:217: warning: (near initialization for 'mailfrom.len')
qmail-smtpd.c:218: warning: missing initializer
qmail-smtpd.c:218: warning: (near initialization for 'rcptto.len')
qmail-smtpd.c: In function 'smtp_rset':
qmail-smtpd.c:230: warning: unused parameter 'arg'
qmail-smtpd.c: In function 'smtp_data':
qmail-smtpd.c:362: warning: unused parameter 'arg'
qmail-smtpd.c: In function 'main':
qmail-smtpd.c:415: warning: control reaches end of non-void function
./load qmail-smtpd rcpthosts.o commands.o timeoutread.o  timeoutwrite.o ip.o ipme.o ipalloc.o control.o constmap.o  received.o date822fmt.o qmail.o cdb.a fd.a wait.a  datetime.a getln.a open.a sig.a case.a env.a stralloc.a  substdio.a error.a str.a fs.a auto_qmail.o  `cat  socket.lib`
./compile sendmail.c
./load sendmail env.a getopt.a substdio.a error.a  str.a auto_qmail.o 
./compile tcp-env.c
tcp-env.c:25: warning: missing initializer
tcp-env.c:25: warning: (near initialization for 'localname.len')
tcp-env.c:30: warning: missing initializer
tcp-env.c:30: warning: (near initialization for 'remotename.len')
./compile remoteinfo.c
./load tcp-env dns.o remoteinfo.o timeoutread.o  timeoutwrite.o timeoutconn.o ip.o ipalloc.o case.a ndelay.a  sig.a env.a getopt.a stralloc.a substdio.a error.a  str.a fs.a  `cat dns.lib` `cat socket.lib`
./compile qmail-newmrh.c
qmail-newmrh.c:33: warning: missing initializer
qmail-newmrh.c:33: warning: (near initialization for 'line.len')
./load qmail-newmrh cdbmss.o getln.a open.a cdbmake.a  case.a stralloc.a strerr.a substdio.a  error.a str.a auto_qmail.o 
cat warn-auto.sh config.sh  | sed s}QMAIL}"`head -n 1 conf-qmail`"}g  | sed s}BREAK}"`head -n 1 conf-break`"}g  | sed s}SPLIT}"`head -n 1 conf-split`"}g  > config
chmod 755 config
cat warn-auto.sh config-fast.sh  | sed s}QMAIL}"`head -n 1 conf-qmail`"}g  | sed s}BREAK}"`head -n 1 conf-break`"}g  | sed s}SPLIT}"`head -n 1 conf-split`"}g  > config-fast
chmod 755 config-fast
./compile dnsptr.c
dnsptr.c:10: warning: missing initializer
dnsptr.c:10: warning: (near initialization for 'sa.len')
./compile dnsdoe.c
./load dnsptr dns.o dnsdoe.o ip.o ipalloc.o stralloc.a  substdio.a error.a str.a fs.a  `cat dns.lib` `cat socket.lib`
./compile dnsip.c
dnsip.c:11: warning: missing initializer
dnsip.c:11: warning: (near initialization for 'sa.len')
dnsip.c:12: warning: missing initializer
dnsip.c:12: warning: (near initialization for 'ia.len')
dnsip.c: In function 'main':
dnsip.c:25: warning: comparison between signed and unsigned
./load dnsip dns.o dnsdoe.o ip.o ipalloc.o stralloc.a  substdio.a error.a str.a fs.a  `cat dns.lib` `cat socket.lib`
./compile dnsfq.c
dnsfq.c:9: warning: missing initializer
dnsfq.c:9: warning: (near initialization for 'sa.len')
dnsfq.c:10: warning: missing initializer
dnsfq.c:10: warning: (near initialization for 'ia.len')
./load dnsfq dns.o dnsdoe.o ip.o ipalloc.o stralloc.a  substdio.a error.a str.a fs.a  `cat dns.lib` `cat socket.lib`
./compile hostname.c
./load hostname substdio.a error.a str.a  `cat dns.lib`  `cat socket.lib`
./compile ipmeprint.c
ipmeprint.c: In function 'main':
ipmeprint.c:16: warning: comparison between signed and unsigned
./load ipmeprint ipme.o ip.o ipalloc.o stralloc.a  substdio.a error.a str.a fs.a  `cat socket.lib`
./compile qreceipt.c
qreceipt.c:46: warning: missing initializer
qreceipt.c:46: warning: (near initialization for 'messageid.len')
qreceipt.c:47: warning: missing initializer
qreceipt.c:47: warning: (near initialization for 'sanotice.len')
qreceipt.c:58: warning: missing initializer
qreceipt.c:58: warning: (near initialization for 'quoted.len')
qreceipt.c:100: warning: missing initializer
qreceipt.c:100: warning: (near initialization for 'hfbuf.len')
qreceipt.c:101: warning: missing initializer
qreceipt.c:101: warning: (near initialization for 'hfin.len')
qreceipt.c:102: warning: missing initializer
qreceipt.c:102: warning: (near initialization for 'hfrewrite.len')
qreceipt.c:103: warning: missing initializer
qreceipt.c:103: warning: (near initialization for 'hfaddr.len')
qreceipt.c: In function 'dobody':
qreceipt.c:120: warning: unused parameter 'h'
qreceipt.c: In function 'main':
qreceipt.c:130: warning: control reaches end of non-void function
./load qreceipt headerbody.o hfield.o quote.o token822.o  qmail.o getln.a fd.a wait.a sig.a env.a stralloc.a  substdio.a error.a str.a auto_qmail.o 
( ( ./compile tryutmpx.c && ./load tryutmpx ) >/dev/null 2>&1  && cat qtmp.h2 || cat qtmp.h1 ) > qtmp.h
rm -f tryutmpx.o tryutmpx
./compile qbiff.c
qbiff.c:22: warning: missing initializer
qbiff.c:22: warning: (near initialization for 'woof.len')
qbiff.c:23: warning: missing initializer
qbiff.c:23: warning: (near initialization for 'tofrom.len')
qbiff.c:24: warning: missing initializer
qbiff.c:24: warning: (near initialization for 'text.len')
qbiff.c: In function 'main':
qbiff.c:64: warning: comparison between signed and unsigned
qbiff.c:71: warning: comparison between signed and unsigned
qbiff.c:83: warning: passing argument 2 of 'substdio_get' from incompatible pointer type
./load qbiff headerbody.o hfield.o getln.a env.a open.a  stralloc.a substdio.a error.a str.a
./compile forward.c
forward.c: In function 'qmail_put_write':
forward.c:15: warning: unused parameter 'fd'
./load forward qmail.o strerr.a fd.a wait.a sig.a  env.a substdio.a error.a str.a fs.a auto_qmail.o 
./compile preline.c
./load preline strerr.a fd.a wait.a sig.a env.a getopt.a  substdio.a error.a str.a 
./compile condredirect.c
condredirect.c: In function 'qmail_put_write':
condredirect.c:18: warning: unused parameter 'fd'
./load condredirect qmail.o strerr.a fd.a sig.a wait.a  env.a substdio.a error.a str.a fs.a auto_qmail.o
./compile bouncesaying.c
./load bouncesaying strerr.a error.a substdio.a str.a  wait.a 
./compile except.c
./load except strerr.a error.a substdio.a str.a wait.a 
./compile maildirmake.c
maildirmake.c: In function 'main':
maildirmake.c:7: warning: unused parameter 'argc'
./load maildirmake strerr.a substdio.a error.a str.a 
./compile maildir2mbox.c
maildir2mbox.c:22: warning: missing initializer
maildir2mbox.c:22: warning: (near initialization for 'filenames.len')
maildir2mbox.c:23: warning: missing initializer
maildir2mbox.c:23: warning: (near initialization for 'pq.len')
maildir2mbox.c:24: warning: missing initializer
maildir2mbox.c:24: warning: (near initialization for 'pq2.len')
maildir2mbox.c:26: warning: missing initializer
maildir2mbox.c:26: warning: (near initialization for 'line.len')
maildir2mbox.c:28: warning: missing initializer
maildir2mbox.c:28: warning: (near initialization for 'ufline.len')
maildir2mbox.c: In function 'main':
maildir2mbox.c:113: warning: comparison between signed and unsigned
./load maildir2mbox maildir.o prioq.o myctime.o  gfrom.o lock.a getln.a env.a open.a strerr.a stralloc.a  substdio.a error.a str.a fs.a datetime.a
./compile instpackage.c
./compile instfiles.c
instfiles.c: In function 'mkdir_p':
instfiles.c:36: warning: missing initializer
instfiles.c:36: warning: (near initialization for 'parent.len')
instfiles.c: In function 'h':
instfiles.c:56: warning: missing initializer
instfiles.c:56: warning: (near initialization for 'dh.len')
instfiles.c:54: warning: unused parameter 'uid'
instfiles.c:54: warning: unused parameter 'gid'
instfiles.c: In function 'd':
instfiles.c:69: warning: missing initializer
instfiles.c:69: warning: (near initialization for 'dh.len')
instfiles.c:67: warning: unused parameter 'uid'
instfiles.c:67: warning: unused parameter 'gid'
instfiles.c: In function 'p':
instfiles.c:84: warning: missing initializer
instfiles.c:84: warning: (near initialization for 'dh.len')
instfiles.c:82: warning: unused parameter 'uid'
instfiles.c:82: warning: unused parameter 'gid'
instfiles.c: In function 'c':
instfiles.c:106: warning: missing initializer
instfiles.c:106: warning: (near initialization for 'dh.len')
instfiles.c:102: warning: unused parameter 'uid'
instfiles.c:102: warning: unused parameter 'gid'
instfiles.c: In function 'z':
instfiles.c:168: warning: missing initializer
instfiles.c:168: warning: (near initialization for 'dh.len')
instfiles.c:165: warning: unused parameter 'uid'
instfiles.c:165: warning: unused parameter 'gid'
./compile hier.c
hier.c: In function 'dsplit':
hier.c:20: warning: comparison between signed and unsigned
./load instpackage instfiles.o fifo.o hier.o auto_qmail.o auto_split.o  strerr.a substdio.a open.a error.a env.a str.a fs.a stralloc.a
./compile instchown.c
instchown.c: In function 'z':
instchown.c:61: warning: unused parameter 'len'
./compile instuidgid.c
./load instchown instuidgid.o fifo.o hier.o auto_qmail.o auto_split.o  ids.a strerr.a substdio.a error.a str.a fs.a
( cat warn-auto.sh; echo './instpackage && ./instchown' ) > install
chmod 755 install
./compile instqueue.c
./load instqueue instfiles.o fifo.o hier.o auto_qmail.o auto_split.o  strerr.a substdio.a open.a error.a env.a str.a fs.a stralloc.a
./compile instcheck.c
instcheck.c: In function 'perm':
instcheck.c:29: warning: comparison between signed and unsigned
instcheck.c:31: warning: comparison between signed and unsigned
instcheck.c:33: warning: comparison between signed and unsigned
instcheck.c:35: warning: comparison between signed and unsigned
instcheck.c: In function 'z':
instcheck.c:71: warning: unused parameter 'len'
./load instcheck instuidgid.o fifo.o hier.o auto_qmail.o auto_split.o  ids.a strerr.a substdio.a error.a str.a fs.a
cat home.sh  | sed s}QMAIL}"`head -n 1 conf-qmail`"}g  > home
chmod 755 home
cat home+df.sh  | sed s}QMAIL}"`head -n 1 conf-qmail`"}g  > home+df
chmod 755 home+df
cat proc.sh  | sed s}QMAIL}"`head -n 1 conf-qmail`"}g  > proc
chmod 755 proc
cat proc+df.sh  | sed s}QMAIL}"`head -n 1 conf-qmail`"}g  > proc+df
chmod 755 proc+df
cat binm1.sh  | sed s}QMAIL}"`head -n 1 conf-qmail`"}g  > binm1
chmod 755 binm1
cat binm1+df.sh  | sed s}QMAIL}"`head -n 1 conf-qmail`"}g  > binm1+df
chmod 755 binm1+df
cat binm2.sh  | sed s}QMAIL}"`head -n 1 conf-qmail`"}g  > binm2
chmod 755 binm2
cat binm2+df.sh  | sed s}QMAIL}"`head -n 1 conf-qmail`"}g  > binm2+df
chmod 755 binm2+df
cat binm3.sh  | sed s}QMAIL}"`head -n 1 conf-qmail`"}g  > binm3
chmod 755 binm3
cat binm3+df.sh  | sed s}QMAIL}"`head -n 1 conf-qmail`"}g  > binm3+df
chmod 755 binm3+df
./compile qmail-todo.c
qmail-todo.c:35: warning: missing initializer
qmail-todo.c:35: warning: (near initialization for 'percenthack.len')
qmail-todo.c:37: warning: missing initializer
qmail-todo.c:37: warning: (near initialization for 'locals.len')
qmail-todo.c:39: warning: missing initializer
qmail-todo.c:39: warning: (near initialization for 'vdoms.len')
qmail-todo.c:41: warning: missing initializer
qmail-todo.c:41: warning: (near initialization for 'envnoathost.len')
qmail-todo.c:78: warning: missing initializer
qmail-todo.c:78: warning: (near initialization for 'fn.len')
qmail-todo.c:94: warning: missing initializer
qmail-todo.c:94: warning: (near initialization for 'rwline.len')
qmail-todo.c: In function 'rewrite':
qmail-todo.c:102: warning: missing initializer
qmail-todo.c:102: warning: (near initialization for 'addr.len')
qmail-todo.c:132: warning: suggest parentheses around assignment used as truth value
qmail-todo.c: At top level:
qmail-todo.c:150: warning: missing initializer
qmail-todo.c:150: warning: (near initialization for 'comm_buf.len')
qmail-todo.c:350: warning: missing initializer
qmail-todo.c:350: warning: (near initialization for 'todoline.len')
qmail-todo.c:574: warning: missing initializer
qmail-todo.c:574: warning: (near initialization for 'newlocals.len')
qmail-todo.c:575: warning: missing initializer
qmail-todo.c:575: warning: (near initialization for 'newvdoms.len')
qmail-todo.c: In function 'main':
qmail-todo.c:645: warning: suggest parentheses around assignment used as truth value
./load qmail-todo control.o constmap.o trigger.o fmtqfn.o  readsubdir.o case.a ndelay.a getln.a sig.a open.a stralloc.a  substdio.a error.a str.a fs.a auto_qmail.o auto_split.o
ok
