rm -rf notqmail-e77f33bd5f614e967b0716a72dd706462d36a477-smtp-tls
git -C notqmail.git fetch origin e77f33bd5f614e967b0716a72dd706462d36a477
From https://github.com/notqmail/notqmail
 * branch            e77f33bd5f614e967b0716a72dd706462d36a477 -> FETCH_HEAD
git -C notqmail.git archive --prefix=notqmail-e77f33bd5f614e967b0716a72dd706462d36a477-smtp-tls/ e77f33bd5f614e967b0716a72dd706462d36a477 | tar xf -
cd notqmail-e77f33bd5f614e967b0716a72dd706462d36a477-smtp-tls; patch -f -p 1 <../patch/smtp-tls.patch
Hmm...  Looks like a unified diff to me...
The text leading up to this was:
--------------------------
|diff --git a/Makefile b/Makefile
|index f227675..a777510 100644
|--- a/Makefile
|+++ b/Makefile
--------------------------
Patching file Makefile using Plan A...
Hunk #1 succeeded at 813 with fuzz 2 (offset 32 lines).
Hunk #2 failed at 1392.
Hunk #3 failed at 1487.
Hunk #4 succeeded at 1992 (offset 97 lines).
Hunk #5 succeeded at 1973 (offset 25 lines).
2 out of 5 hunks failed--saving rejects to Makefile.rej
Hmm...  The next patch looks like a unified diff to me...
The text leading up to this was:
--------------------------
|diff --git a/Makefile-cert.mk b/Makefile-cert.mk
|new file mode 100644
|index 0000000..52d0f5d
|--- /dev/null
|+++ b/Makefile-cert.mk
--------------------------
(Creating file Makefile-cert.mk...)
Patching file Makefile-cert.mk using Plan A...
Empty context always matches.
Hunk #1 succeeded at 1.
Hmm...  The next patch looks like a unified diff to me...
The text leading up to this was:
--------------------------
|diff --git a/TARGETS b/TARGETS
|index 6ebd7cd..c6779c7 100644
|--- a/TARGETS
|+++ b/TARGETS
--------------------------
Patching file TARGETS using Plan A...
Hunk #1 succeeded at 186 (offset 18 lines).
Hunk #2 succeeded at 318 (offset 4 lines).
Hunk #3 succeeded at 397 (offset 19 lines).
Hmm...  The next patch looks like a unified diff to me...
The text leading up to this was:
--------------------------
|diff --git a/dns.c b/dns.c
|index a9ba96b..e8cd75a 100644
|--- a/dns.c
|+++ b/dns.c
--------------------------
Patching file dns.c using Plan A...
Hunk #1 succeeded at 263 (offset 6 lines).
Hunk #2 succeeded at 289 (offset 6 lines).
Hunk #3 succeeded at 318 (offset 6 lines).
Hunk #4 succeeded at 330 (offset 6 lines).
Hmm...  The next patch looks like a unified diff to me...
The text leading up to this was:
--------------------------
|diff --git a/hier.c b/hier.c
|index 00ca66f..3883843 100644
|--- a/hier.c
|+++ b/hier.c
--------------------------
Patching file hier.c using Plan A...
Hunk #1 failed at 144.
1 out of 1 hunks failed--saving rejects to hier.c.rej
Hmm...  The next patch looks like a unified diff to me...
The text leading up to this was:
--------------------------
|diff --git a/ipalloc.h b/ipalloc.h
|index ad61475..627c8e1 100644
|--- a/ipalloc.h
|+++ b/ipalloc.h
--------------------------
Patching file ipalloc.h using Plan A...
Hunk #1 succeeded at 3.
Hmm...  The next patch looks like a unified diff to me...
The text leading up to this was:
--------------------------
|diff --git a/qmail-control.9 b/qmail-control.9
|index 503ce93..945f15f 100644
|--- a/qmail-control.9
|+++ b/qmail-control.9
--------------------------
Patching file qmail-control.9 using Plan A...
Hunk #1 succeeded at 43.
Hunk #2 succeeded at 64.
Hmm...  The next patch looks like a unified diff to me...
The text leading up to this was:
--------------------------
|diff --git a/qmail-remote.8 b/qmail-remote.8
|index e38d169..22261bf 100644
|--- a/qmail-remote.8
|+++ b/qmail-remote.8
--------------------------
Patching file qmail-remote.8 using Plan A...
Hunk #1 succeeded at 121.
Hunk #2 succeeded at 134.
Hunk #3 succeeded at 177.
Hunk #4 succeeded at 218.
Hmm...  The next patch looks like a unified diff to me...
The text leading up to this was:
--------------------------
|diff --git a/qmail-remote.c b/qmail-remote.c
|index cadb9dd..4d216cf 100644
|--- a/qmail-remote.c
|+++ b/qmail-remote.c
--------------------------
Patching file qmail-remote.c using Plan A...
Hunk #1 succeeded at 47 with fuzz 1 (offset -1 lines).
Hunk #2 succeeded at 107 (offset -1 lines).
Hunk #3 failed at 116.
Hunk #4 succeeded at 193 (offset 12 lines).
Hunk #5 succeeded at 255 (offset -1 lines).
Hunk #6 succeeded at 283 (offset 12 lines).
Hunk #7 succeeded at 322 (offset -11 lines).
Hunk #8 succeeded at 555 (offset 12 lines).
Hunk #9 succeeded at 761 (offset 8 lines).
1 out of 9 hunks failed--saving rejects to qmail-remote.c.rej
Hmm...  The next patch looks like a unified diff to me...
The text leading up to this was:
--------------------------
|diff --git a/qmail-smtpd.8 b/qmail-smtpd.8
|index 4eeae49..2463768 100644
|--- a/qmail-smtpd.8
|+++ b/qmail-smtpd.8
--------------------------
Patching file qmail-smtpd.8 using Plan A...
Hunk #1 succeeded at 14.
Hunk #2 succeeded at 58.
Hunk #3 succeeded at 98.
Hunk #4 succeeded at 181.
Hunk #5 succeeded at 212.
Hmm...  The next patch looks like a unified diff to me...
The text leading up to this was:
--------------------------
|diff --git a/qmail-smtpd.c b/qmail-smtpd.c
|index 23e0bc3..9215542 100644
|--- a/qmail-smtpd.c
|+++ b/qmail-smtpd.c
--------------------------
Patching file qmail-smtpd.c using Plan A...
Hunk #1 failed at 29.
Hunk #2 succeeded at 65 (offset 5 lines).
Hunk #3 succeeded at 151 (offset 5 lines).
Hunk #4 succeeded at 236 (offset 5 lines).
Hunk #5 succeeded at 251 (offset 5 lines).
Hunk #6 succeeded at 291 with fuzz 2 (offset 1 line).
Hunk #7 failed at 302.
Hunk #8 succeeded at 408 (offset 5 lines).
Hunk #9 succeeded at 429 (offset 1 line).
2 out of 9 hunks failed--saving rejects to qmail-smtpd.c.rej
Hmm...  The next patch looks like a unified diff to me...
The text leading up to this was:
--------------------------
|diff --git a/ssl-smtpd.c b/ssl-smtpd.c
|new file mode 100644
|index 0000000..b1d6c9c
|--- /dev/null
|+++ b/ssl-smtpd.c
--------------------------
(Creating file ssl-smtpd.c...)
Patching file ssl-smtpd.c using Plan A...
Empty context always matches.
Hunk #1 succeeded at 1.
Hmm...  The next patch looks like a unified diff to me...
The text leading up to this was:
--------------------------
|diff --git a/ssl-smtpd.h b/ssl-smtpd.h
|new file mode 100644
|index 0000000..4158dd4
|--- /dev/null
|+++ b/ssl-smtpd.h
--------------------------
(Creating file ssl-smtpd.h...)
Patching file ssl-smtpd.h using Plan A...
Empty context always matches.
Hunk #1 succeeded at 1.
Hmm...  The next patch looks like a unified diff to me...
The text leading up to this was:
--------------------------
|diff --git a/ssl_timeoutio.c b/ssl_timeoutio.c
|new file mode 100644
|index 0000000..d0cbea5
|--- /dev/null
|+++ b/ssl_timeoutio.c
--------------------------
(Creating file ssl_timeoutio.c...)
Patching file ssl_timeoutio.c using Plan A...
Empty context always matches.
Hunk #1 succeeded at 1.
Hmm...  The next patch looks like a unified diff to me...
The text leading up to this was:
--------------------------
|diff --git a/ssl_timeoutio.h b/ssl_timeoutio.h
|new file mode 100644
|index 0000000..5efe07d
|--- /dev/null
|+++ b/ssl_timeoutio.h
--------------------------
(Creating file ssl_timeoutio.h...)
Patching file ssl_timeoutio.h using Plan A...
Empty context always matches.
Hunk #1 succeeded at 1.
Hmm...  The next patch looks like a unified diff to me...
The text leading up to this was:
--------------------------
|diff --git a/tls.c b/tls.c
|new file mode 100644
|index 0000000..aed5d57
|--- /dev/null
|+++ b/tls.c
--------------------------
(Creating file tls.c...)
Patching file tls.c using Plan A...
Empty context always matches.
Hunk #1 succeeded at 1.
Hmm...  The next patch looks like a unified diff to me...
The text leading up to this was:
--------------------------
|diff --git a/tls.h b/tls.h
|new file mode 100644
|index 0000000..4781e7d
|--- /dev/null
|+++ b/tls.h
--------------------------
(Creating file tls.h...)
Patching file tls.h using Plan A...
Empty context always matches.
Hunk #1 succeeded at 1.
Hmm...  The next patch looks like a unified diff to me...
The text leading up to this was:
--------------------------
|diff --git a/update_tmprsadh.sh b/update_tmprsadh.sh
|new file mode 100644
|index 0000000..227b59e
|--- /dev/null
|+++ b/update_tmprsadh.sh
--------------------------
(Creating file update_tmprsadh.sh...)
Patching file update_tmprsadh.sh using Plan A...
Empty context always matches.
Hunk #1 succeeded at 1.
done
*** Error 1 in . (Makefile:33 'notqmail-e77f33bd5f614e967b0716a72dd706462d36a477-smtp-tls')
